Build started 2019-08-24 17:19:11.
     1>Project "C:\Users\Dominik\Desktop\magisterka\image-source_method\source\Template\TemplateVS10.vcxproj" on node 2 (build target(s)).
     1>InitializeBuildStatus:
         Creating "temp\x86\Debug\Template.unsuccessfulbuild" because "AlwaysCreate" was specified.
       ClCompile:
         C:\Program Files (x86)\Microsoft Visual Studio 10.0\VC\bin\CL.exe /c /I../../../../../include /I../../../../../include/SDKUtil /I"C:\Program Files (x86)\AMD APP SDK\3.0\/include" /Zi /nologo /W3 /WX- /Od /Ob0 /Oy- /D WIN32 /D _WINDOWS /D _DEBUG /D _CRT_SECURE_NO_WARNINGS /D "CMAKE_INTDIR=\"Debug\"" /D _MBCS /Gm- /EHsc /RTC1 /MDd /GS /fp:precise /Zc:wchar_t /Zc:forScope /GR /Fo"temp\x86\Debug\\" /Fd"C:\Users\Dominik\Desktop\magisterka\image-source_method\source\Template\bin/x86/Debug/Template.pdb" /Gd /TP /wd4005 /wd4996 /analyze- /errorReport:prompt Template.cpp
         Template.cpp
     1>Template.cpp(77): warning C4305: 'initializing' : truncation from 'double' to 'cl_float'
     1>Template.cpp(88): warning C4305: 'initializing' : truncation from 'double' to 'cl_float'
     1>Template.cpp(88): warning C4305: 'initializing' : truncation from 'double' to 'cl_float'
     1>Template.cpp(88): warning C4305: 'initializing' : truncation from 'double' to 'cl_float'
     1>Template.cpp(88): warning C4305: 'initializing' : truncation from 'double' to 'cl_float'
     1>Template.cpp(88): warning C4305: 'initializing' : truncation from 'double' to 'cl_float'
       Link:
         C:\Program Files (x86)\Microsoft Visual Studio 10.0\VC\bin\link.exe /ERRORREPORT:PROMPT /OUT:"C:\Users\Dominik\Desktop\magisterka\image-source_method\source\Template\bin\x86\Debug\Template.exe" /NOLOGO /LIBPATH:..\..\..\..\..\lib\win32\ /LIBPATH:"C:\Program Files (x86)\AMD APP SDK\3.0\\lib\x86\\" kernel32.lib user32.lib gdi32.lib winspool.lib shell32.lib ole32.lib oleaut32.lib uuid.lib comdlg32.lib advapi32.lib OpenCL.lib kernel32.lib user32.lib gdi32.lib winspool.lib comdlg32.lib advapi32.lib shell32.lib ole32.lib oleaut32.lib uuid.lib odbc32.lib odbccp32.lib /MANIFEST /ManifestFile:"temp\x86\Debug\Template.exe.intermediate.manifest" /MANIFESTUAC:"level='asInvoker' uiAccess='false'" /DEBUG /PDB:"C:\Users\Dominik\Desktop\magisterka\image-source_method\source\Template\bin\x86\Debug\Template.pdb" /SUBSYSTEM:CONSOLE /TLBID:1 /DYNAMICBASE /NXCOMPAT /IMPLIB:"C:\Users\Dominik\Desktop\magisterka\image-source_method\source\Template\bin/x86/Debug/Template.lib" /MACHINE:X86 /SAFESEH:NO temp\x86\Debug\Template.obj  /machine:X86 /debug 
         LINK : C:\Users\Dominik\Desktop\magisterka\image-source_method\source\Template\bin\x86\Debug\Template.exe not found or not built by the last incremental link; performing full link
         TemplateVS10.vcxproj -> C:\Users\Dominik\Desktop\magisterka\image-source_method\source\Template\bin\x86\Debug\Template.exe
       Manifest:
         C:\Program Files (x86)\Microsoft SDKs\Windows\v7.0A\bin\mt.exe /nologo /verbose /outputresource:"C:\Users\Dominik\Desktop\magisterka\image-source_method\source\Template\bin\x86\Debug\Template.exe;#1" /manifest temp\x86\Debug\Template.exe.intermediate.manifest
       PostBuildEvent:
         copy Template_Kernels.cl "C:\Users\Dominik\Desktop\magisterka\image-source_method\source\Template\bin\x86\Debug\Template_Kernels.cl" /Y
         	  
         :VCEnd
         Liczba skopiowanych plików:         1.
       FinalizeBuildStatus:
         Deleting file "temp\x86\Debug\Template.unsuccessfulbuild".
         Touching "temp\x86\Debug\Template.lastbuildstate".
     1>Done Building Project "C:\Users\Dominik\Desktop\magisterka\image-source_method\source\Template\TemplateVS10.vcxproj" (build target(s)).

Build succeeded.

Time Elapsed 00:00:00.84
