Build started 2019-08-24 14:47:34.
     1>Project "C:\Users\dom\Desktop\praca_magisterska\image-source_method\source\Template\TemplateVS10.vcxproj" on node 2 (build target(s)).
     1>InitializeBuildStatus:
         Creating "temp\x86\Release\Template.unsuccessfulbuild" because "AlwaysCreate" was specified.
       ClCompile:
         C:\Program Files (x86)\Microsoft Visual Studio 10.0\VC\bin\CL.exe /c /I../../../../../include /I../../../../../include/SDKUtil /I"C:\Program Files (x86)\AMD APP SDK\3.0\/include" /nologo /W3 /WX- /O2 /Ob2 /Oy- /D WIN32 /D _WINDOWS /D NDEBUG /D _CRT_SECURE_NO_WARNINGS /D "CMAKE_INTDIR=\"Release\"" /D _MBCS /Gm- /EHsc /MD /GS /fp:precise /Zc:wchar_t /Zc:forScope /GR /Fo"temp\x86\Release\\" /Fd"C:\Users\dom\Desktop\praca_magisterska\image-source_method\source\Template\bin/x86/Release/Template.pdb" /Gd /TP /wd4005 /wd4996 /analyze- /errorReport:prompt Template.cpp
         Template.cpp
     1>c:\users\dom\desktop\praca_magisterska\image-source_method\source\template\Template.hpp(37): error C2146: syntax error : missing ';' before identifier '_Plane'
     1>c:\users\dom\desktop\praca_magisterska\image-source_method\source\template\Template.hpp(37): error C2470: '_Plane' : looks like a function definition, but there is no parameter list; skipping apparent body
     1>c:\users\dom\desktop\praca_magisterska\image-source_method\source\template\Template.hpp(42): error C4430: missing type specifier - int assumed. Note: C++ does not support default-int
     1>c:\users\dom\desktop\praca_magisterska\image-source_method\source\template\Template.hpp(59): error C2146: syntax error : missing ';' before identifier 'pl'
     1>c:\users\dom\desktop\praca_magisterska\image-source_method\source\template\Template.hpp(59): error C4430: missing type specifier - int assumed. Note: C++ does not support default-int
     1>c:\users\dom\desktop\praca_magisterska\image-source_method\source\template\Template.hpp(59): error C4430: missing type specifier - int assumed. Note: C++ does not support default-int
     1>Template.cpp(56): warning C4305: 'initializing' : truncation from 'double' to 'cl_float'
     1>Template.cpp(58): warning C4305: 'initializing' : truncation from 'double' to 'cl_float'
     1>Template.cpp(59): error C2039: 'pl' : is not a member of 'Wall'
                 c:\users\dom\desktop\praca_magisterska\image-source_method\source\template\Template.hpp(58) : see declaration of 'Wall'
     1>Template.cpp(59): error C2228: left of '.A' must have class/struct/union
     1>Template.cpp(60): error C2039: 'pl' : is not a member of 'Wall'
                 c:\users\dom\desktop\praca_magisterska\image-source_method\source\template\Template.hpp(58) : see declaration of 'Wall'
     1>Template.cpp(60): error C2228: left of '.B' must have class/struct/union
     1>Template.cpp(61): error C2039: 'pl' : is not a member of 'Wall'
                 c:\users\dom\desktop\praca_magisterska\image-source_method\source\template\Template.hpp(58) : see declaration of 'Wall'
     1>Template.cpp(61): error C2228: left of '.C' must have class/struct/union
     1>Template.cpp(62): error C2039: 'pl' : is not a member of 'Wall'
                 c:\users\dom\desktop\praca_magisterska\image-source_method\source\template\Template.hpp(58) : see declaration of 'Wall'
     1>Template.cpp(62): error C2228: left of '.D' must have class/struct/union
     1>Template.cpp(71): warning C4305: 'initializing' : truncation from 'double' to 'cl_float'
     1>Template.cpp(72): error C2039: 'pl' : is not a member of 'Wall'
                 c:\users\dom\desktop\praca_magisterska\image-source_method\source\template\Template.hpp(58) : see declaration of 'Wall'
     1>Template.cpp(72): error C2228: left of '.A' must have class/struct/union
     1>Template.cpp(73): error C2039: 'pl' : is not a member of 'Wall'
                 c:\users\dom\desktop\praca_magisterska\image-source_method\source\template\Template.hpp(58) : see declaration of 'Wall'
     1>Template.cpp(73): error C2228: left of '.B' must have class/struct/union
     1>Template.cpp(74): error C2039: 'pl' : is not a member of 'Wall'
                 c:\users\dom\desktop\praca_magisterska\image-source_method\source\template\Template.hpp(58) : see declaration of 'Wall'
     1>Template.cpp(74): error C2228: left of '.C' must have class/struct/union
     1>Template.cpp(75): error C2039: 'pl' : is not a member of 'Wall'
                 c:\users\dom\desktop\praca_magisterska\image-source_method\source\template\Template.hpp(58) : see declaration of 'Wall'
     1>Template.cpp(75): error C2228: left of '.D' must have class/struct/union
     1>Template.cpp(85): error C2039: 'pl' : is not a member of 'Wall'
                 c:\users\dom\desktop\praca_magisterska\image-source_method\source\template\Template.hpp(58) : see declaration of 'Wall'
     1>Template.cpp(85): error C2228: left of '.A' must have class/struct/union
     1>Template.cpp(86): error C2039: 'pl' : is not a member of 'Wall'
                 c:\users\dom\desktop\praca_magisterska\image-source_method\source\template\Template.hpp(58) : see declaration of 'Wall'
     1>Template.cpp(86): error C2228: left of '.B' must have class/struct/union
     1>Template.cpp(87): error C2039: 'pl' : is not a member of 'Wall'
                 c:\users\dom\desktop\praca_magisterska\image-source_method\source\template\Template.hpp(58) : see declaration of 'Wall'
     1>Template.cpp(87): error C2228: left of '.C' must have class/struct/union
     1>Template.cpp(88): error C2039: 'pl' : is not a member of 'Wall'
                 c:\users\dom\desktop\praca_magisterska\image-source_method\source\template\Template.hpp(58) : see declaration of 'Wall'
     1>Template.cpp(88): error C2228: left of '.D' must have class/struct/union
     1>Template.cpp(97): warning C4305: 'initializing' : truncation from 'double' to 'cl_float'
     1>Template.cpp(98): error C2039: 'pl' : is not a member of 'Wall'
                 c:\users\dom\desktop\praca_magisterska\image-source_method\source\template\Template.hpp(58) : see declaration of 'Wall'
     1>Template.cpp(98): error C2228: left of '.A' must have class/struct/union
     1>Template.cpp(99): error C2039: 'pl' : is not a member of 'Wall'
                 c:\users\dom\desktop\praca_magisterska\image-source_method\source\template\Template.hpp(58) : see declaration of 'Wall'
     1>Template.cpp(99): error C2228: left of '.B' must have class/struct/union
     1>Template.cpp(100): error C2039: 'pl' : is not a member of 'Wall'
                 c:\users\dom\desktop\praca_magisterska\image-source_method\source\template\Template.hpp(58) : see declaration of 'Wall'
     1>Template.cpp(100): error C2228: left of '.C' must have class/struct/union
     1>Template.cpp(101): error C2039: 'pl' : is not a member of 'Wall'
                 c:\users\dom\desktop\praca_magisterska\image-source_method\source\template\Template.hpp(58) : see declaration of 'Wall'
     1>Template.cpp(101): error C2228: left of '.D' must have class/struct/union
     1>Template.cpp(110): warning C4305: 'initializing' : truncation from 'double' to 'cl_float'
     1>Template.cpp(111): error C2039: 'pl' : is not a member of 'Wall'
                 c:\users\dom\desktop\praca_magisterska\image-source_method\source\template\Template.hpp(58) : see declaration of 'Wall'
     1>Template.cpp(111): error C2228: left of '.A' must have class/struct/union
     1>Template.cpp(112): error C2039: 'pl' : is not a member of 'Wall'
                 c:\users\dom\desktop\praca_magisterska\image-source_method\source\template\Template.hpp(58) : see declaration of 'Wall'
     1>Template.cpp(112): error C2228: left of '.B' must have class/struct/union
     1>Template.cpp(113): error C2039: 'pl' : is not a member of 'Wall'
                 c:\users\dom\desktop\praca_magisterska\image-source_method\source\template\Template.hpp(58) : see declaration of 'Wall'
     1>Template.cpp(113): error C2228: left of '.C' must have class/struct/union
     1>Template.cpp(114): error C2039: 'pl' : is not a member of 'Wall'
                 c:\users\dom\desktop\praca_magisterska\image-source_method\source\template\Template.hpp(58) : see declaration of 'Wall'
     1>Template.cpp(114): error C2228: left of '.D' must have class/struct/union
     1>Template.cpp(123): warning C4305: 'initializing' : truncation from 'double' to 'cl_float'
     1>Template.cpp(124): error C2039: 'pl' : is not a member of 'Wall'
                 c:\users\dom\desktop\praca_magisterska\image-source_method\source\template\Template.hpp(58) : see declaration of 'Wall'
     1>Template.cpp(124): error C2228: left of '.A' must have class/struct/union
     1>Template.cpp(125): error C2039: 'pl' : is not a member of 'Wall'
                 c:\users\dom\desktop\praca_magisterska\image-source_method\source\template\Template.hpp(58) : see declaration of 'Wall'
     1>Template.cpp(125): error C2228: left of '.B' must have class/struct/union
     1>Template.cpp(126): error C2039: 'pl' : is not a member of 'Wall'
                 c:\users\dom\desktop\praca_magisterska\image-source_method\source\template\Template.hpp(58) : see declaration of 'Wall'
     1>Template.cpp(126): error C2228: left of '.C' must have class/struct/union
     1>Template.cpp(127): error C2039: 'pl' : is not a member of 'Wall'
                 c:\users\dom\desktop\praca_magisterska\image-source_method\source\template\Template.hpp(58) : see declaration of 'Wall'
     1>Template.cpp(127): error C2228: left of '.D' must have class/struct/union
     1>Done Building Project "C:\Users\dom\Desktop\praca_magisterska\image-source_method\source\Template\TemplateVS10.vcxproj" (build target(s)) -- FAILED.

Build FAILED.

Time Elapsed 00:00:00.25
